生成启动时间为 2017/11/11 17:51:59。
     1>项目“F:\当前\AES - 副本\AES\AES.vcxproj”在节点 2 上(Build 个目标)。
     1>ClCompile:
         D:\程序\VS2013\VC\bin\CL.exe /c /Zi /nologo /W3 /WX- /sdl /O2 /Oi /Oy- /GL /D WIN32 /D NDEBUG /D _CONSOLE /D _LIB /D _WINDLL /D _UNICODE /D UNICODE /Gm- /EHsc /MD /GS /Gy /fp:precise /Zc:wchar_t /Zc:forScope /Yu"stdafx.h" /Fp"Release\AES.pch" /Fo"Release\\" /Fd"Release\vc120.pdb" /Gd /TP /analyze- /errorReport:prompt /D _CRT_SECURE_NO_WARNINGS AES.cpp dllmain.cpp interface.cpp
         AES.cpp
         dllmain.cpp
         interface.cpp
       Link:
         D:\程序\VS2013\VC\bin\link.exe /ERRORREPORT:PROMPT /OUT:"F:\当前\AES - 副本\Release\AES.dll" /INCREMENTAL:NO /NOLOGO kernel32.lib user32.lib gdi32.lib winspool.lib comdlg32.lib advapi32.lib shell32.lib ole32.lib oleaut32.lib uuid.lib odbc32.lib odbccp32.lib /DEF:"ex.def" /MANIFEST /MANIFESTUAC:"level='asInvoker' uiAccess='false'" /manifest:embed /DEBUG /PDB:"F:\当前\AES - 副本\Release\AES.pdb" /SUBSYSTEM:CONSOLE /OPT:REF /OPT:ICF /LTCG /TLBID:1 /DYNAMICBASE /NXCOMPAT /IMPLIB:"F:\当前\AES - 副本\Release\AES.lib" /MACHINE:X86 /SAFESEH /MT /DLL Release\AES.obj
         Release\dllmain.obj
         Release\interface.obj
         Release\stdafx.obj
         Release\zbase64.obj
     1>LINK : warning LNK4044: 无法识别的选项“/MT”；已忽略
            正在创建库 F:\当前\AES - 副本\Release\AES.lib 和对象 F:\当前\AES - 副本\Release\AES.exp
         正在生成代码
         已完成代码的生成
         AES.vcxproj -> F:\当前\AES - 副本\Release\AES.dll
     1>已完成生成项目“F:\当前\AES - 副本\AES\AES.vcxproj”(Build 个目标)的操作。

生成成功。

已用时间 00:00:14.86
