f:\当前\aes\debug\aes.lib
f:\当前\aes\debug\aes.exp
f:\当前\aes - 副本\debug\aes.lib
f:\当前\aes - 副本\debug\aes.exp
f:\当前\aes\aes\debug\vc120.pdb
f:\当前\aes - 副本\aes\debug\aes.pch
f:\当前\aes - 副本\aes\debug\vc120.pdb
f:\当前\aes - 副本\aes\debug\vc120.idb
f:\当前\aes - 副本\aes\debug\stdafx.obj
f:\当前\aes - 副本\aes\debug\aes.obj
f:\当前\aes - 副本\aes\debug\dllmain.obj
f:\当前\aes - 副本\aes\debug\interface.obj
f:\当前\aes - 副本\aes\debug\zbase64.obj
f:\当前\aes\debug\aes.ilk
f:\当前\aes\debug\aes.dll
f:\当前\aes\debug\aes.pdb
f:\当前\aes - 副本\debug\aes.ilk
f:\当前\aes - 副本\debug\aes.exe
f:\当前\aes - 副本\debug\aes.pdb
f:\当前\aes - 副本\aes\debug\aes.tlog\aes.write.1u.tlog
f:\当前\aes - 副本\aes\debug\aes.tlog\cl.command.1.tlog
f:\当前\aes - 副本\aes\debug\aes.tlog\cl.read.1.tlog
f:\当前\aes - 副本\aes\debug\aes.tlog\cl.write.1.tlog
f:\当前\aes - 副本\aes\debug\aes.tlog\link.command.1.tlog
f:\当前\aes - 副本\aes\debug\aes.tlog\link.read.1.tlog
f:\当前\aes - 副本\aes\debug\aes.tlog\link.write.1.tlog
